<?xml version="1.0" encoding="UTF-8"?>
<!-- Generated by org.testng.reporters.JUnitXMLReporter -->
<testsuite ignored="0" hostname="Debu_Lenovo" failures="0" tests="6" name="Default test" time="11.501" errors="0" timestamp="2024-01-18T21:23:36 IST">
  <testcase classname="api.test.DDTest" name="testPostuser" time="3.169"/>
  <testcase classname="api.test.DDTest" name="testPostuser" time="1.42"/>
  <testcase classname="api.test.DDTest" name="testPostuser" time="1.431"/>
  <testcase classname="api.test.DDTest" name="testDeleteUserByName" time="1.589"/>
  <testcase classname="api.test.DDTest" name="testDeleteUserByName" time="1.302"/>
  <testcase classname="api.test.DDTest" name="testDeleteUserByName" time="1.456"/>
</testsuite> <!-- Default test -->
