<?xml version="1.0" encoding="UTF-8"?>
<!-- Generated by org.testng.reporters.JUnitXMLReporter -->
<testsuite ignored="0" hostname="Debu_Lenovo" failures="0" tests="4" name="PetTests" time="9.819" errors="0" timestamp="2024-01-19T02:32:04 IST">
  <testcase classname="api.test.UserTests2" name="testPostUser" time="2.965"/>
  <testcase classname="api.test.UserTests2" name="testGetUserByName" time="1.43"/>
  <testcase classname="api.test.UserTests2" name="testUpdateUserByName" time="2.967"/>
  <testcase classname="api.test.UserTests2" name="testDeleteUserByName" time="1.547"/>
</testsuite> <!-- PetTests -->
