<?xml version="1.0" encoding="UTF-8"?>
<!-- Generated by org.testng.reporters.JUnitXMLReporter -->
<testsuite ignored="0" hostname="Debu_Lenovo" failures="0" tests="4" name="PetTests" time="8.314" errors="0" timestamp="2024-01-18T21:52:09 IST">
  <testcase classname="api.test.UserTests2" name="testPostUser" time="2.718"/>
  <testcase classname="api.test.UserTests2" name="testGetUserByName" time="1.265"/>
  <testcase classname="api.test.UserTests2" name="testUpdateUserByName" time="2.28"/>
  <testcase classname="api.test.UserTests2" name="testDeleteUserByName" time="1.254"/>
</testsuite> <!-- PetTests -->
